{"C:\\Users\\TR Gamers\\Documents\\Estudos\\Microservico de Notificacoes\\notification-service\\src\\app.module.ts": {"path":"C:\\Users\\TR Gamers\\Documents\\Estudos\\Microservico de Notificacoes\\notification-service\\src\\app.module.ts","statementMap":{"0":{"start":{"line":1,"column":0},"end":{"line":1,"column":40}},"1":{"start":{"line":2,"column":0},"end":{"line":2,"column":72}},"2":{"start":{"line":3,"column":0},"end":{"line":3,"column":46}},"3":{"start":{"line":8,"column":7},"end":{"line":8,"column":null}},"4":{"start":{"line":8,"column":13},"end":{"line":8,"column":22}},"5":{"start":{"line":8,"column":13},"end":{"line":8,"column":null}}},"fnMap":{},"branchMap":{},"s":{"0":0,"1":0,"2":0,"3":0,"4":0,"5":0},"f":{},"b":{}}
,"C:\\Users\\TR Gamers\\Documents\\Estudos\\Microservico de Notificacoes\\notification-service\\src\\main.ts": {"path":"C:\\Users\\TR Gamers\\Documents\\Estudos\\Microservico de Notificacoes\\notification-service\\src\\main.ts","statementMap":{"0":{"start":{"line":1,"column":0},"end":{"line":1,"column":43}},"1":{"start":{"line":2,"column":0},"end":{"line":2,"column":71}},"2":{"start":{"line":3,"column":0},"end":{"line":3,"column":72}},"3":{"start":{"line":4,"column":0},"end":{"line":4,"column":47}},"4":{"start":{"line":7,"column":14},"end":{"line":7,"column":58}},"5":{"start":{"line":9,"column":24},"end":{"line":9,"column":46}},"6":{"start":{"line":11,"column":20},"end":{"line":11,"column":61}},"7":{"start":{"line":12,"column":20},"end":{"line":12,"column":63}},"8":{"start":{"line":13,"column":2},"end":{"line":22,"column":5}},"9":{"start":{"line":24,"column":2},"end":{"line":24,"column":36}},"10":{"start":{"line":25,"column":2},"end":{"line":25,"column":25}},"11":{"start":{"line":27,"column":0},"end":{"line":27,"column":12}}},"fnMap":{"0":{"name":"bootstrap","decl":{"start":{"line":6,"column":15},"end":{"line":6,"column":24}},"loc":{"start":{"line":6,"column":24},"end":{"line":26,"column":1}}}},"branchMap":{},"s":{"0":0,"1":0,"2":0,"3":0,"4":0,"5":0,"6":0,"7":0,"8":0,"9":0,"10":0,"11":0},"f":{"0":0},"b":{}}
,"C:\\Users\\TR Gamers\\Documents\\Estudos\\Microservico de Notificacoes\\notification-service\\src\\notification\\notification.module.ts": {"path":"C:\\Users\\TR Gamers\\Documents\\Estudos\\Microservico de Notificacoes\\notification-service\\src\\notification\\notification.module.ts","statementMap":{"0":{"start":{"line":1,"column":0},"end":{"line":1,"column":40}},"1":{"start":{"line":2,"column":0},"end":{"line":2,"column":65}},"2":{"start":{"line":3,"column":0},"end":{"line":3,"column":28}},"3":{"start":{"line":4,"column":0},"end":{"line":4,"column":61}},"4":{"start":{"line":5,"column":0},"end":{"line":5,"column":89}},"5":{"start":{"line":6,"column":0},"end":{"line":6,"column":71}},"6":{"start":{"line":7,"column":0},"end":{"line":7,"column":78}},"7":{"start":{"line":8,"column":0},"end":{"line":8,"column":69}},"8":{"start":{"line":9,"column":0},"end":{"line":9,"column":73}},"9":{"start":{"line":10,"column":0},"end":{"line":10,"column":63}},"10":{"start":{"line":12,"column":19},"end":{"line":14,"column":null}},"11":{"start":{"line":50,"column":7},"end":{"line":50,"column":null}},"12":{"start":{"line":50,"column":13},"end":{"line":50,"column":31}},"13":{"start":{"line":50,"column":13},"end":{"line":50,"column":null}},"14":{"start":{"line":28,"column":55},"end":{"line":40,"column":10}}},"fnMap":{"0":{"name":"(anonymous_1)","decl":{"start":{"line":28,"column":20},"end":{"line":28,"column":21}},"loc":{"start":{"line":28,"column":55},"end":{"line":40,"column":10}}}},"branchMap":{},"s":{"0":0,"1":0,"2":0,"3":0,"4":0,"5":0,"6":0,"7":0,"8":0,"9":0,"10":0,"11":0,"12":0,"13":0,"14":0},"f":{"0":0},"b":{}}
,"C:\\Users\\TR Gamers\\Documents\\Estudos\\Microservico de Notificacoes\\notification-service\\src\\notification\\domain\\ports\\email-sender.port.ts": {"path":"C:\\Users\\TR Gamers\\Documents\\Estudos\\Microservico de Notificacoes\\notification-service\\src\\notification\\domain\\ports\\email-sender.port.ts","statementMap":{"0":{"start":{"line":11,"column":13},"end":{"line":11,"column":61}}},"fnMap":{},"branchMap":{},"s":{"0":2},"f":{},"b":{}}
,"C:\\Users\\TR Gamers\\Documents\\Estudos\\Microservico de Notificacoes\\notification-service\\src\\notification\\domain\\ports\\user-validator.port.ts": {"path":"C:\\Users\\TR Gamers\\Documents\\Estudos\\Microservico de Notificacoes\\notification-service\\src\\notification\\domain\\ports\\user-validator.port.ts","statementMap":{"0":{"start":{"line":10,"column":13},"end":{"line":10,"column":65}}},"fnMap":{},"branchMap":{},"s":{"0":2},"f":{},"b":{}}
,"C:\\Users\\TR Gamers\\Documents\\Estudos\\Microservico de Notificacoes\\notification-service\\src\\notification\\infrastructure\\services\\email.service.ts": {"path":"C:\\Users\\TR Gamers\\Documents\\Estudos\\Microservico de Notificacoes\\notification-service\\src\\notification\\infrastructure\\services\\email.service.ts","statementMap":{"0":{"start":{"line":1,"column":0},"end":{"line":1,"column":52}},"1":{"start":{"line":6,"column":0},"end":{"line":6,"column":41}},"2":{"start":{"line":7,"column":0},"end":{"line":7,"column":47}},"3":{"start":{"line":10,"column":25},"end":{"line":47,"column":null}},"4":{"start":{"line":11,"column":28},"end":{"line":11,"column":57}},"5":{"start":{"line":14,"column":22},"end":{"line":14,"column":37}},"6":{"start":{"line":15,"column":4},"end":{"line":21,"column":7}},"7":{"start":{"line":25,"column":4},"end":{"line":45,"column":5}},"8":{"start":{"line":26,"column":19},"end":{"line":42,"column":8}},"9":{"start":{"line":44,"column":6},"end":{"line":44,"column":18}},"10":{"start":{"line":10,"column":13},"end":{"line":10,"column":25}},"11":{"start":{"line":10,"column":13},"end":{"line":47,"column":null}}},"fnMap":{"0":{"name":"(anonymous_11)","decl":{"start":{"line":14,"column":2},"end":{"line":14,"column":22}},"loc":{"start":{"line":14,"column":50},"end":{"line":22,"column":3}}},"1":{"name":"(anonymous_12)","decl":{"start":{"line":24,"column":2},"end":{"line":24,"column":7}},"loc":{"start":{"line":24,"column":52},"end":{"line":46,"column":3}}}},"branchMap":{"0":{"loc":{"start":{"line":14,"column":37},"end":{"line":14,"column":null}},"type":"cond-expr","locations":[{"start":{"line":14,"column":50},"end":{"line":14,"column":null}},{"start":{"line":14,"column":50},"end":{"line":14,"column":null}}]},"1":{"loc":{"start":{"line":14,"column":37},"end":{"line":14,"column":50}},"type":"binary-expr","locations":[{"start":{"line":14,"column":37},"end":{"line":14,"column":null}},{"start":{"line":14,"column":37},"end":{"line":14,"column":50}}]}},"s":{"0":1,"1":1,"2":1,"3":1,"4":3,"5":3,"6":3,"7":2,"8":2,"9":1,"10":1,"11":1},"f":{"0":3,"1":2},"b":{"0":[1,0],"1":[1,1]}}
,"C:\\Users\\TR Gamers\\Documents\\Estudos\\Microservico de Notificacoes\\notification-service\\src\\notification\\infrastructure\\services\\grpc-user.service.ts": {"path":"C:\\Users\\TR Gamers\\Documents\\Estudos\\Microservico de Notificacoes\\notification-service\\src\\notification\\infrastructure\\services\\grpc-user.service.ts","statementMap":{"0":{"start":{"line":1,"column":0},"end":{"line":1,"column":66}},"1":{"start":{"line":7,"column":0},"end":{"line":7,"column":50}},"2":{"start":{"line":16,"column":7},"end":{"line":42,"column":null}},"3":{"start":{"line":19,"column":55},"end":{"line":19,"column":73}},"4":{"start":{"line":22,"column":4},"end":{"line":22,"column":78}},"5":{"start":{"line":26,"column":4},"end":{"line":40,"column":5}},"6":{"start":{"line":27,"column":25},"end":{"line":27,"column":65}},"7":{"start":{"line":28,"column":21},"end":{"line":28,"column":53}},"8":{"start":{"line":31,"column":8},"end":{"line":31,"column":71}},"9":{"start":{"line":33,"column":6},"end":{"line":36,"column":8}},"10":{"start":{"line":38,"column":6},"end":{"line":38,"column":41}},"11":{"start":{"line":39,"column":6},"end":{"line":39,"column":32}},"12":{"start":{"line":16,"column":13},"end":{"line":16,"column":28}},"13":{"start":{"line":16,"column":13},"end":{"line":42,"column":null}}},"fnMap":{"0":{"name":"(anonymous_4)","decl":{"start":{"line":19,"column":2},"end":{"line":19,"column":15}},"loc":{"start":{"line":19,"column":73},"end":{"line":19,"column":77}}},"1":{"name":"(anonymous_5)","decl":{"start":{"line":21,"column":2},"end":{"line":21,"column":14}},"loc":{"start":{"line":21,"column":14},"end":{"line":23,"column":3}}},"2":{"name":"(anonymous_6)","decl":{"start":{"line":25,"column":2},"end":{"line":25,"column":7}},"loc":{"start":{"line":25,"column":30},"end":{"line":41,"column":3}}}},"branchMap":{"0":{"loc":{"start":{"line":31,"column":8},"end":{"line":31,"column":71}},"type":"binary-expr","locations":[{"start":{"line":31,"column":8},"end":{"line":31,"column":32}},{"start":{"line":31,"column":37},"end":{"line":31,"column":46}},{"start":{"line":31,"column":50},"end":{"line":31,"column":70}}]}},"s":{"0":1,"1":1,"2":1,"3":4,"4":4,"5":3,"6":3,"7":3,"8":2,"9":2,"10":1,"11":1,"12":1,"13":1},"f":{"0":4,"1":4,"2":3},"b":{"0":[2,1,0]}}
,"C:\\Users\\TR Gamers\\Documents\\Estudos\\Microservico de Notificacoes\\notification-service\\src\\notification\\transport\\controllers\\notification.controller.ts": {"path":"C:\\Users\\TR Gamers\\Documents\\Estudos\\Microservico de Notificacoes\\notification-service\\src\\notification\\transport\\controllers\\notification.controller.ts","statementMap":{"0":{"start":{"line":1,"column":0},"end":{"line":1,"column":60}},"1":{"start":{"line":2,"column":0},"end":{"line":2,"column":62}},"2":{"start":{"line":3,"column":0},"end":{"line":3,"column":54}},"3":{"start":{"line":4,"column":0},"end":{"line":4,"column":null}},"4":{"start":{"line":8,"column":0},"end":{"line":8,"column":null}},"5":{"start":{"line":14,"column":35},"end":{"line":42,"column":null}},"6":{"start":{"line":15,"column":28},"end":{"line":15,"column":67}},"7":{"start":{"line":19,"column":21},"end":{"line":19,"column":50}},"8":{"start":{"line":22,"column":21},"end":{"line":22,"column":53}},"9":{"start":{"line":27,"column":23},"end":{"line":27,"column":65}},"10":{"start":{"line":29,"column":4},"end":{"line":34,"column":5}},"11":{"start":{"line":30,"column":6},"end":{"line":32,"column":8}},"12":{"start":{"line":33,"column":6},"end":{"line":33,"column":13}},"13":{"start":{"line":36,"column":4},"end":{"line":40,"column":7}},"14":{"start":{"line":14,"column":13},"end":{"line":14,"column":35}},"15":{"start":{"line":26,"column":8},"end":{"line":41,"column":null}},"16":{"start":{"line":14,"column":13},"end":{"line":42,"column":null}}},"fnMap":{"0":{"name":"(anonymous_4)","decl":{"start":{"line":17,"column":2},"end":{"line":17,"column":null}},"loc":{"start":{"line":22,"column":53},"end":{"line":23,"column":6}}},"1":{"name":"(anonymous_5)","decl":{"start":{"line":26,"column":8},"end":{"line":26,"column":23}},"loc":{"start":{"line":26,"column":53},"end":{"line":41,"column":3}}}},"branchMap":{"0":{"loc":{"start":{"line":29,"column":4},"end":{"line":34,"column":5}},"type":"if","locations":[{"start":{"line":29,"column":4},"end":{"line":34,"column":5}},{"start":{},"end":{}}]},"1":{"loc":{"start":{"line":26,"column":41},"end":{"line":26,"column":null}},"type":"cond-expr","locations":[{"start":{"line":26,"column":53},"end":{"line":26,"column":null}},{"start":{"line":26,"column":53},"end":{"line":26,"column":null}}]},"2":{"loc":{"start":{"line":26,"column":41},"end":{"line":26,"column":53}},"type":"binary-expr","locations":[{"start":{"line":26,"column":41},"end":{"line":26,"column":null}},{"start":{"line":26,"column":41},"end":{"line":26,"column":53}}]}},"s":{"0":2,"1":2,"2":2,"3":2,"4":2,"5":2,"6":3,"7":3,"8":3,"9":3,"10":3,"11":1,"12":1,"13":2,"14":2,"15":2,"16":2},"f":{"0":3,"1":3},"b":{"0":[1,2],"1":[2,0],"2":[2,2]}}
,"C:\\Users\\TR Gamers\\Documents\\Estudos\\Microservico de Notificacoes\\notification-service\\src\\notification\\transport\\dtos\\send-email.dto.ts": {"path":"C:\\Users\\TR Gamers\\Documents\\Estudos\\Microservico de Notificacoes\\notification-service\\src\\notification\\transport\\dtos\\send-email.dto.ts","statementMap":{"0":{"start":{"line":1,"column":0},"end":{"line":1,"column":13}}},"fnMap":{},"branchMap":{},"s":{"0":2},"f":{},"b":{}}
}
