TN:
SF:src\app.module.ts
FNF:0
FNH:0
DA:1,0
DA:2,0
DA:3,0
DA:8,0
LF:4
LH:0
BRF:0
BRH:0
end_of_record
TN:
SF:src\main.ts
FN:6,bootstrap
FNF:1
FNH:0
FNDA:0,bootstrap
DA:1,0
DA:2,0
DA:3,0
DA:4,0
DA:7,0
DA:9,0
DA:11,0
DA:12,0
DA:13,0
DA:24,0
DA:25,0
DA:27,0
LF:12
LH:0
BRF:0
BRH:0
end_of_record
TN:
SF:src\notification\notification.module.ts
FN:28,(anonymous_1)
FNF:1
FNH:0
FNDA:0,(anonymous_1)
DA:1,0
DA:2,0
DA:3,0
DA:4,0
DA:5,0
DA:6,0
DA:7,0
DA:8,0
DA:9,0
DA:10,0
DA:12,0
DA:28,0
DA:50,0
LF:13
LH:0
BRF:0
BRH:0
end_of_record
TN:
SF:src\notification\domain\ports\email-sender.port.ts
FNF:0
FNH:0
DA:11,2
LF:1
LH:1
BRF:0
BRH:0
end_of_record
TN:
SF:src\notification\domain\ports\user-validator.port.ts
FNF:0
FNH:0
DA:10,2
LF:1
LH:1
BRF:0
BRH:0
end_of_record
TN:
SF:src\notification\infrastructure\services\email.service.ts
FN:14,(anonymous_11)
FN:24,(anonymous_12)
FNF:2
FNH:2
FNDA:3,(anonymous_11)
FNDA:2,(anonymous_12)
DA:1,1
DA:6,1
DA:7,1
DA:10,1
DA:11,3
DA:14,3
DA:15,3
DA:25,2
DA:26,2
DA:44,1
LF:10
LH:10
BRDA:14,0,0,1
BRDA:14,0,1,0
BRDA:14,1,0,1
BRDA:14,1,1,1
BRF:4
BRH:3
end_of_record
TN:
SF:src\notification\infrastructure\services\grpc-user.service.ts
FN:19,(anonymous_4)
FN:21,(anonymous_5)
FN:25,(anonymous_6)
FNF:3
FNH:3
FNDA:4,(anonymous_4)
FNDA:4,(anonymous_5)
FNDA:3,(anonymous_6)
DA:1,1
DA:7,1
DA:16,1
DA:19,4
DA:22,4
DA:26,3
DA:27,3
DA:28,3
DA:31,2
DA:33,2
DA:38,1
DA:39,1
LF:12
LH:12
BRDA:31,0,0,2
BRDA:31,0,1,1
BRDA:31,0,2,0
BRF:3
BRH:2
end_of_record
TN:
SF:src\notification\transport\controllers\notification.controller.ts
FN:17,(anonymous_4)
FN:26,(anonymous_5)
FNF:2
FNH:2
FNDA:3,(anonymous_4)
FNDA:3,(anonymous_5)
DA:1,2
DA:2,2
DA:3,2
DA:4,2
DA:8,2
DA:14,2
DA:15,3
DA:19,3
DA:22,3
DA:26,2
DA:27,3
DA:29,3
DA:30,1
DA:33,1
DA:36,2
LF:15
LH:15
BRDA:29,0,0,1
BRDA:29,0,1,2
BRDA:26,1,0,2
BRDA:26,1,1,0
BRDA:26,2,0,2
BRDA:26,2,1,2
BRF:6
BRH:5
end_of_record
TN:
SF:src\notification\transport\dtos\send-email.dto.ts
FNF:0
FNH:0
DA:1,2
LF:1
LH:1
BRF:0
BRH:0
end_of_record
